<?xml version="1.0" encoding="UTF-8"?>
<!-- Generated by org.testng.reporters.JUnitReportReporter -->
<testsuite skipped="0" hostname="DESKTOP-PU3962Q" name="Parallel.ParallelRun" tests="8" failures="0" timestamp="23 Jun 2021 09:50:29 GMT" time="254.838" errors="2">
  <testcase name="runScenario" time="21.896" classname="Parallel.ParallelRun"/>
  <testcase name="runScenario" time="27.204" classname="Parallel.ParallelRun">
    <error type="org.openqa.selenium.ElementClickInterceptedException" message="element click intercepted: Element &lt;a&gt;...&lt;/a&gt; is not clickable at point (165, 239). Other element would receive the click: &lt;div _ngcontent-c1=&quot;&quot; class=&quot;backdrop ng-star-inserted&quot; style=&quot;border-radius: 0px; background-color: rgba(0, 0, 0, 0.3);&quot;&gt;&lt;/div&gt;
  (Session info: chrome=91.0.4472.114)
Build info: version: &#039;3.141.59&#039;, revision: &#039;e82be7d358&#039;, time: &#039;2018-11-14T08:17:03&#039;
System info: host: &#039;DESKTOP-PU3962Q&#039;, ip: &#039;192.168.1.69&#039;, os.name: &#039;Windows 10&#039;, os.arch: &#039;amd64&#039;, os.version: &#039;10.0&#039;, java.version: &#039;1.8.0_271&#039;
Driver info: org.openqa.selenium.chrome.ChromeDriver
Capabilities {acceptInsecureCerts: false, browserName: chrome, browserVersion: 91.0.4472.114, chrome: {chromedriverVersion: 91.0.4472.101 (af52a90bf870..., userDataDir: C:\Users\BWS-TE~1\AppData\L...}, goog:chromeOptions: {debuggerAddress: localhost:53069}, javascriptEnabled: true, networkConnectionEnabled: false, pageLoadStrategy: normal, platform: WINDOWS, platformName: WINDOWS, proxy: Proxy(), setWindowRect: true, strictFileInteractability: false, timeouts: {implicit: 0, pageLoad: 300000, script: 30000}, unhandledPromptBehavior: dismiss and notify, webauthn:extension:largeBlob: true, webauthn:virtualAuthenticators: true}
Session ID: 7579599350585dbbf468243e516d0b1a">
      <![CDATA[org.openqa.selenium.ElementClickInterceptedException: element click intercepted: Element <a>...</a> is not clickable at point (165, 239). Other element would receive the click: <div _ngcontent-c1="" class="backdrop ng-star-inserted" style="border-radius: 0px; background-color: rgba(0, 0, 0, 0.3);"></div>
  (Session info: chrome=91.0.4472.114)
Build info: version: '3.141.59', revision: 'e82be7d358', time: '2018-11-14T08:17:03'
System info: host: 'DESKTOP-PU3962Q', ip: '192.168.1.69', os.name: 'Windows 10', os.arch: 'amd64', os.version: '10.0', java.version: '1.8.0_271'
Driver info: org.openqa.selenium.chrome.ChromeDriver
Capabilities {acceptInsecureCerts: false, browserName: chrome, browserVersion: 91.0.4472.114, chrome: {chromedriverVersion: 91.0.4472.101 (af52a90bf870..., userDataDir: C:\Users\BWS-TE~1\AppData\L...}, goog:chromeOptions: {debuggerAddress: localhost:53069}, javascriptEnabled: true, networkConnectionEnabled: false, pageLoadStrategy: normal, platform: WINDOWS, platformName: WINDOWS, proxy: Proxy(), setWindowRect: true, strictFileInteractability: false, timeouts: {implicit: 0, pageLoad: 300000, script: 30000}, unhandledPromptBehavior: dismiss and notify, webauthn:extension:largeBlob: true, webauthn:virtualAuthenticators: true}
Session ID: 7579599350585dbbf468243e516d0b1a
at sun.reflect.NativeConstructorAccessorImpl.newInstance0(Native Method)
at sun.reflect.NativeConstructorAccessorImpl.newInstance(Unknown Source)
at sun.reflect.DelegatingConstructorAccessorImpl.newInstance(Unknown Source)
at java.lang.reflect.Constructor.newInstance(Unknown Source)
at org.openqa.selenium.remote.http.W3CHttpResponseCodec.createException(W3CHttpResponseCodec.java:187)
at org.openqa.selenium.remote.http.W3CHttpResponseCodec.decode(W3CHttpResponseCodec.java:122)
at org.openqa.selenium.remote.http.W3CHttpResponseCodec.decode(W3CHttpResponseCodec.java:49)
at org.openqa.selenium.remote.HttpCommandExecutor.execute(HttpCommandExecutor.java:158)
at org.openqa.selenium.remote.service.DriverCommandExecutor.execute(DriverCommandExecutor.java:83)
at org.openqa.selenium.remote.RemoteWebDriver.execute(RemoteWebDriver.java:552)
at org.openqa.selenium.remote.RemoteWebElement.execute(RemoteWebElement.java:285)
at org.openqa.selenium.remote.RemoteWebElement.click(RemoteWebElement.java:84)
at sun.reflect.NativeMethodAccessorImpl.invoke0(Native Method)
at sun.reflect.NativeMethodAccessorImpl.invoke(Unknown Source)
at sun.reflect.DelegatingMethodAccessorImpl.invoke(Unknown Source)
at java.lang.reflect.Method.invoke(Unknown Source)
at org.openqa.selenium.support.pagefactory.internal.LocatingElementHandler.invoke(LocatingElementHandler.java:51)
at com.sun.proxy.$Proxy25.click(Unknown Source)
at com.pages.SocialHiringPage.click_on_Select_Shops_For_Posting(SocialHiringPage.java:153)
at Parallel.SocialHiringTest.click_on_select_shops_for_posting_link(SocialHiringTest.java:51)
at ✽.Click on Select Shops for posting link(file:///C:/Users/BWS-Tester/git/SubSource/src/test/resources/Parallel/Socialhiring.feature:13)
]]>
    </error>
  </testcase> <!-- runScenario -->
  <testcase name="runScenario" time="30.484" classname="Parallel.ParallelRun"/>
  <testcase name="runScenario" time="45.389" classname="Parallel.ParallelRun"/>
  <testcase name="runScenario" time="16.284" classname="Parallel.ParallelRun"/>
  <testcase name="runScenario" time="28.084" classname="Parallel.ParallelRun">
    <error type="org.openqa.selenium.ElementClickInterceptedException" message="element click intercepted: Element &lt;a&gt;...&lt;/a&gt; is not clickable at point (165, 239). Other element would receive the click: &lt;div _ngcontent-c1=&quot;&quot; class=&quot;backdrop ng-star-inserted&quot; style=&quot;border-radius: 0px; background-color: rgba(0, 0, 0, 0.3);&quot;&gt;&lt;/div&gt;
  (Session info: chrome=91.0.4472.114)
Build info: version: &#039;3.141.59&#039;, revision: &#039;e82be7d358&#039;, time: &#039;2018-11-14T08:17:03&#039;
System info: host: &#039;DESKTOP-PU3962Q&#039;, ip: &#039;192.168.1.69&#039;, os.name: &#039;Windows 10&#039;, os.arch: &#039;amd64&#039;, os.version: &#039;10.0&#039;, java.version: &#039;1.8.0_271&#039;
Driver info: org.openqa.selenium.chrome.ChromeDriver
Capabilities {acceptInsecureCerts: false, browserName: chrome, browserVersion: 91.0.4472.114, chrome: {chromedriverVersion: 91.0.4472.101 (af52a90bf870..., userDataDir: C:\Users\BWS-TE~1\AppData\L...}, goog:chromeOptions: {debuggerAddress: localhost:64306}, javascriptEnabled: true, networkConnectionEnabled: false, pageLoadStrategy: normal, platform: WINDOWS, platformName: WINDOWS, proxy: Proxy(), setWindowRect: true, strictFileInteractability: false, timeouts: {implicit: 0, pageLoad: 300000, script: 30000}, unhandledPromptBehavior: dismiss and notify, webauthn:extension:largeBlob: true, webauthn:virtualAuthenticators: true}
Session ID: 20bb0dbecdc343d3a9933c01f3a7401c">
      <![CDATA[org.openqa.selenium.ElementClickInterceptedException: element click intercepted: Element <a>...</a> is not clickable at point (165, 239). Other element would receive the click: <div _ngcontent-c1="" class="backdrop ng-star-inserted" style="border-radius: 0px; background-color: rgba(0, 0, 0, 0.3);"></div>
  (Session info: chrome=91.0.4472.114)
Build info: version: '3.141.59', revision: 'e82be7d358', time: '2018-11-14T08:17:03'
System info: host: 'DESKTOP-PU3962Q', ip: '192.168.1.69', os.name: 'Windows 10', os.arch: 'amd64', os.version: '10.0', java.version: '1.8.0_271'
Driver info: org.openqa.selenium.chrome.ChromeDriver
Capabilities {acceptInsecureCerts: false, browserName: chrome, browserVersion: 91.0.4472.114, chrome: {chromedriverVersion: 91.0.4472.101 (af52a90bf870..., userDataDir: C:\Users\BWS-TE~1\AppData\L...}, goog:chromeOptions: {debuggerAddress: localhost:64306}, javascriptEnabled: true, networkConnectionEnabled: false, pageLoadStrategy: normal, platform: WINDOWS, platformName: WINDOWS, proxy: Proxy(), setWindowRect: true, strictFileInteractability: false, timeouts: {implicit: 0, pageLoad: 300000, script: 30000}, unhandledPromptBehavior: dismiss and notify, webauthn:extension:largeBlob: true, webauthn:virtualAuthenticators: true}
Session ID: 20bb0dbecdc343d3a9933c01f3a7401c
at sun.reflect.NativeConstructorAccessorImpl.newInstance0(Native Method)
at sun.reflect.NativeConstructorAccessorImpl.newInstance(Unknown Source)
at sun.reflect.DelegatingConstructorAccessorImpl.newInstance(Unknown Source)
at java.lang.reflect.Constructor.newInstance(Unknown Source)
at org.openqa.selenium.remote.http.W3CHttpResponseCodec.createException(W3CHttpResponseCodec.java:187)
at org.openqa.selenium.remote.http.W3CHttpResponseCodec.decode(W3CHttpResponseCodec.java:122)
at org.openqa.selenium.remote.http.W3CHttpResponseCodec.decode(W3CHttpResponseCodec.java:49)
at org.openqa.selenium.remote.HttpCommandExecutor.execute(HttpCommandExecutor.java:158)
at org.openqa.selenium.remote.service.DriverCommandExecutor.execute(DriverCommandExecutor.java:83)
at org.openqa.selenium.remote.RemoteWebDriver.execute(RemoteWebDriver.java:552)
at org.openqa.selenium.remote.RemoteWebElement.execute(RemoteWebElement.java:285)
at org.openqa.selenium.remote.RemoteWebElement.click(RemoteWebElement.java:84)
at sun.reflect.NativeMethodAccessorImpl.invoke0(Native Method)
at sun.reflect.NativeMethodAccessorImpl.invoke(Unknown Source)
at sun.reflect.DelegatingMethodAccessorImpl.invoke(Unknown Source)
at java.lang.reflect.Method.invoke(Unknown Source)
at org.openqa.selenium.support.pagefactory.internal.LocatingElementHandler.invoke(LocatingElementHandler.java:51)
at com.sun.proxy.$Proxy25.click(Unknown Source)
at com.pages.SocialHiringPage.click_on_Select_Shops_For_Posting(SocialHiringPage.java:153)
at Parallel.SocialHiringTest.click_on_select_shops_for_posting_link(SocialHiringTest.java:51)
at ✽.Click on Select Shops for posting link(file:///C:/Users/BWS-Tester/git/SubSource/src/test/resources/Parallel/Socialhiring.feature:7)
]]>
    </error>
  </testcase> <!-- runScenario -->
  <testcase name="runScenario" time="54.001" classname="Parallel.ParallelRun"/>
  <testcase name="runScenario" time="31.496" classname="Parallel.ParallelRun"/>
</testsuite> <!-- Parallel.ParallelRun -->
